<?xml version="1.0" encoding="UTF-8"?>
<!-- Generated by org.testng.reporters.JUnitReportReporter -->
<testsuite skipped="0" hostname="DESKTOP-8QG28U5" name="mavenProject.OpenSeleniumLink" tests="1" failures="0" timestamp="25 Apr 2019 16:56:24 GMT" time="16.194" errors="0">
  <testcase name="test1" time="16.194" classname="mavenProject.OpenSeleniumLink"/>
</testsuite> <!-- mavenProject.OpenSeleniumLink -->
